<?xml version="1.0" encoding="UTF-8"?>
<coverage generated="1752151207863" clover="3.2.0">
  <project timestamp="1752151207863" name="All files">
    <metrics statements="4" coveredstatements="4" conditionals="2" coveredconditionals="2" methods="1" coveredmethods="1" elements="7" coveredelements="7" complexity="0" loc="4" ncloc="4" packages="1" files="1" classes="1"/>
    <file name="Button.tsx" path="/Users/ivocastro/Documents/Loureiro'sReactComponentLibrary/src/components/Button/Button.tsx">
      <metrics statements="4" coveredstatements="4" conditionals="2" coveredconditionals="2" methods="1" coveredmethods="1"/>
      <line num="1" count="1" type="stmt"/>
      <line num="2" count="1" type="stmt"/>
      <line num="12" count="1" type="stmt"/>
      <line num="22" count="7" type="stmt"/>
    </file>
  </project>
</coverage>
