{"/Users/ivocastro/Documents/Loureiro'sReactComponentLibrary/src/components/Button/Button.tsx": {"path":"/Users/ivocastro/Documents/Loureiro'sReactComponentLibrary/src/components/Button/Button.tsx","statementMap":{"0":{"start":{"line":12,"column":0},"end":{"line":12,"column":16}},"1":{"start":{"line":1,"column":0},"end":{"line":1,"column":36}},"2":{"start":{"line":2,"column":0},"end":{"line":2,"column":22}},"3":{"start":{"line":22,"column":2},"end":{"line":31,"column":4}}},"fnMap":{"0":{"name":"Button","decl":{"start":{"line":12,"column":16},"end":{"line":12,"column":22}},"loc":{"start":{"line":21,"column":14},"end":{"line":32,"column":1}}}},"branchMap":{"0":{"loc":{"start":{"line":24,"column":35},"end":{"line":24,"column":62}},"type":"binary-expr","locations":[{"start":{"line":24,"column":35},"end":{"line":24,"column":42}},{"start":{"line":24,"column":46},"end":{"line":24,"column":62}}]}},"s":{"0":1,"1":1,"2":1,"3":7},"f":{"0":7},"b":{"0":[7,3]}}
}
